0 info it worked if it ends with ok
1 verbose cli [ '/usr/bin/node', '/usr/bin/npm', 'install', '-g', 'nvm' ]
2 info using npm@3.5.2
3 info using node@v8.10.0
4 silly loadCurrentTree Starting
5 silly install loadCurrentTree
6 silly install readGlobalPackageData
7 silly fetchPackageMetaData nvm
8 silly fetchNamedPackageData nvm
9 silly mapToRegistry name nvm
10 silly mapToRegistry using default registry
11 silly mapToRegistry registry https://registry.npmjs.org/
12 silly mapToRegistry uri https://registry.npmjs.org/nvm
13 verbose request uri https://registry.npmjs.org/nvm
14 verbose request no auth needed
15 info attempt registry request try #1 at 5:14:44 PM
16 verbose request id 5d9beb979c5174de
17 http request GET https://registry.npmjs.org/nvm
18 http 200 https://registry.npmjs.org/nvm
19 verbose headers { date: 'Mon, 02 Mar 2020 10:14:51 GMT',
19 verbose headers   'content-type': 'application/json',
19 verbose headers   'transfer-encoding': 'chunked',
19 verbose headers   connection: 'keep-alive',
19 verbose headers   'set-cookie':
19 verbose headers    [ '__cfduid=d9ccc9ceef60163197883976b20ba69c81583144090; expires=Wed, 01-Apr-20 10:14:50 GMT; path=/; domain=.npmjs.org; HttpOnly; SameSite=Lax' ],
19 verbose headers   'cf-ray': '56da5a659924d064-SGN',
19 verbose headers   'cache-control': 'public, max-age=300',
19 verbose headers   etag: 'W/"ce2979bc5b4f9f8a496c4164eb4fc82f"',
19 verbose headers   'last-modified': 'Fri, 29 Nov 2019 09:32:44 GMT',
19 verbose headers   vary: 'accept-encoding, accept',
19 verbose headers   'cf-cache-status': 'MISS',
19 verbose headers   'expect-ct': 'max-age=604800, report-uri="https://report-uri.cloudflare.com/cdn-cgi/beacon/expect-ct"',
19 verbose headers   server: 'cloudflare',
19 verbose headers   'content-encoding': 'gzip' }
20 silly get cb [ 200,
20 silly get   { date: 'Mon, 02 Mar 2020 10:14:51 GMT',
20 silly get     'content-type': 'application/json',
20 silly get     'transfer-encoding': 'chunked',
20 silly get     connection: 'keep-alive',
20 silly get     'set-cookie':
20 silly get      [ '__cfduid=d9ccc9ceef60163197883976b20ba69c81583144090; expires=Wed, 01-Apr-20 10:14:50 GMT; path=/; domain=.npmjs.org; HttpOnly; SameSite=Lax' ],
20 silly get     'cf-ray': '56da5a659924d064-SGN',
20 silly get     'cache-control': 'public, max-age=300',
20 silly get     etag: 'W/"ce2979bc5b4f9f8a496c4164eb4fc82f"',
20 silly get     'last-modified': 'Fri, 29 Nov 2019 09:32:44 GMT',
20 silly get     vary: 'accept-encoding, accept',
20 silly get     'cf-cache-status': 'MISS',
20 silly get     'expect-ct': 'max-age=604800, report-uri="https://report-uri.cloudflare.com/cdn-cgi/beacon/expect-ct"',
20 silly get     server: 'cloudflare',
20 silly get     'content-encoding': 'gzip' } ]
21 verbose get saving nvm to /home/tung94/.npm/registry.npmjs.org/nvm/.cache.json
22 silly install normalizeTree
23 silly loadCurrentTree Finishing
24 silly loadIdealTree Starting
25 silly install loadIdealTree
26 silly cloneCurrentTree Starting
27 silly install cloneCurrentTreeToIdealTree
28 silly cloneCurrentTree Finishing
29 silly loadShrinkwrap Starting
30 silly install loadShrinkwrap
31 silly loadShrinkwrap Finishing
32 silly loadAllDepsIntoIdealTree Starting
33 silly install loadAllDepsIntoIdealTree
34 silly resolveWithNewModule nvm@0.0.4 checking installable status
35 silly cache add args [ 'nvm', null ]
36 verbose cache add spec nvm
37 silly cache add parsed spec Result {
37 silly cache add   raw: 'nvm',
37 silly cache add   scope: null,
37 silly cache add   name: 'nvm',
37 silly cache add   rawSpec: '',
37 silly cache add   spec: 'latest',
37 silly cache add   type: 'tag' }
38 silly addNamed nvm@latest
39 verbose addNamed "latest" is being treated as a dist-tag for nvm
40 info addNameTag [ 'nvm', 'latest' ]
41 silly mapToRegistry name nvm
42 silly mapToRegistry using default registry
43 silly mapToRegistry registry https://registry.npmjs.org/
44 silly mapToRegistry uri https://registry.npmjs.org/nvm
45 verbose addNameTag registry:https://registry.npmjs.org/nvm not in flight; fetching
46 verbose get https://registry.npmjs.org/nvm not expired, no request
47 silly addNameTag next cb for nvm with tag latest
48 silly addNamed nvm@0.0.4
49 verbose addNamed "0.0.4" is a plain semver version for nvm
50 warn deprecated nvm@0.0.4: This is NOT the correct nvm. Visit http://nvm.sh and use the curl command to install it.
51 silly mapToRegistry name nvm
52 silly mapToRegistry using default registry
53 silly mapToRegistry registry https://registry.npmjs.org/
54 silly mapToRegistry uri https://registry.npmjs.org/nvm
55 verbose addRemoteTarball https://registry.npmjs.org/nvm/-/nvm-0.0.4.tgz not in flight; adding
56 verbose addRemoteTarball [ 'https://registry.npmjs.org/nvm/-/nvm-0.0.4.tgz',
56 verbose addRemoteTarball   '38a178e9d31b283508c92d15c9da861d1a9210bc' ]
57 info retry fetch attempt 1 at 5:14:50 PM
58 info attempt registry request try #1 at 5:14:50 PM
59 http fetch GET https://registry.npmjs.org/nvm/-/nvm-0.0.4.tgz
60 http fetch 200 https://registry.npmjs.org/nvm/-/nvm-0.0.4.tgz
61 silly fetchAndShaCheck shasum 38a178e9d31b283508c92d15c9da861d1a9210bc
62 verbose addTmpTarball /tmp/npm-33-b8d26031/registry.npmjs.org/nvm/-/nvm-0.0.4.tgz not in flight; adding
63 verbose addTmpTarball already have metadata; skipping unpack for nvm@0.0.4
64 silly cache afterAdd nvm@0.0.4
65 verbose afterAdd /home/tung94/.npm/nvm/0.0.4/package/package.json not in flight; writing
66 verbose afterAdd /home/tung94/.npm/nvm/0.0.4/package/package.json written
67 silly loadAllDepsIntoIdealTree Finishing
68 silly idealTree:prePrune lib
68 silly idealTree:prePrune └── nvm@0.0.4
69 silly loadIdealTree Finishing
70 silly currentTree lib
71 silly idealTree lib
71 silly idealTree └── nvm@0.0.4
72 silly generateActionsToTake Starting
73 silly install generateActionsToTake
74 warn checkPermissions Missing write access to /usr/local/lib
75 silly rollbackFailedOptional Starting
76 silly rollbackFailedOptional Finishing
77 silly runTopLevelLifecycles Starting
78 silly runTopLevelLifecycles Finishing
79 silly install printInstalled
80 verbose stack Error: EACCES: permission denied, access '/usr/local/lib'
81 verbose cwd /mnt/c/xampp/htdocs/vc2-wp-plugin-regenerate-thumbnails
82 error Linux 4.4.0-17763-Microsoft
83 error argv "/usr/bin/node" "/usr/bin/npm" "install" "-g" "nvm"
84 error node v8.10.0
85 error npm  v3.5.2
86 error path /usr/local/lib
87 error code EACCES
88 error errno -13
89 error syscall access
90 error Error: EACCES: permission denied, access '/usr/local/lib'
90 error  { Error: EACCES: permission denied, access '/usr/local/lib'
90 error   errno: -13,
90 error   code: 'EACCES',
90 error   syscall: 'access',
90 error   path: '/usr/local/lib' }
91 error Please try running this command again as root/Administrator.
92 verbose exit [ -13, true ]
